\BOOKMARK [1][-]{section.1}{\376\377\000I\000n\000t\000r\000o\000d\000u\000\347\000\343\000o}{}% 1
\BOOKMARK [1][-]{section.2}{\376\377\000A\000n\000a\000l\000i\000s\000e\000\040\000d\000e\000\040\000R\000e\000q\000u\000i\000s\000i\000t\000o\000s}{}% 2
\BOOKMARK [1][-]{section.3}{\376\377\000T\000e\000c\000n\000o\000l\000o\000g\000i\000a\000s\000\040\000U\000t\000i\000l\000i\000z\000a\000d\000a\000s}{}% 3
\BOOKMARK [1][-]{section.4}{\376\377\000A\000r\000q\000u\000i\000t\000e\000t\000u\000r\000a\000\040\000d\000o\000\040\000S\000i\000s\000t\000e\000m\000a}{}% 4
\BOOKMARK [1][-]{section.5}{\376\377\000M\000o\000d\000u\000l\000o\000s\000\040\000d\000o\000\040\000S\000i\000s\000t\000e\000m\000a}{}% 5
\BOOKMARK [2][-]{subsection.5.1}{\376\377\000I\000n\000t\000e\000r\000f\000a\000c\000e\000\040\000p\000a\000r\000a\000\040\000C\000o\000m\000p\000u\000t\000a\000d\000o\000r}{section.5}% 6
\BOOKMARK [2][-]{subsection.5.2}{\376\377\000I\000n\000t\000e\000r\000f\000a\000c\000e\000\040\000p\000a\000r\000a\000\040\000A\000n\000d\000r\000o\000i\000d}{section.5}% 7
\BOOKMARK [2][-]{subsection.5.3}{\376\377\000M\000\363\000d\000u\000l\000o\000\040\000d\000a\000\040\000V\000P\000N}{section.5}% 8
\BOOKMARK [2][-]{subsection.5.4}{\376\377\000B\000a\000s\000e\000\040\000d\000e\000\040\000D\000a\000d\000o\000s}{section.5}% 9
\BOOKMARK [1][-]{section.6}{\376\377\000D\000e\000s\000e\000n\000v\000o\000l\000v\000i\000m\000e\000n\000t\000o}{}% 10
\BOOKMARK [2][-]{subsection.6.1}{\376\377\000I\000n\000t\000e\000r\000f\000a\000c\000e\000\040\000p\000a\000r\000a\000\040\000C\000o\000m\000p\000u\000t\000a\000d\000o\000r}{section.6}% 11
\BOOKMARK [3][-]{subsubsection.6.1.1}{\376\377\000E\000c\000r\000\343\000\040\000d\000e\000\040\000L\000o\000g\000i\000n}{subsection.6.1}% 12
\BOOKMARK [3][-]{subsubsection.6.1.2}{\376\377\000E\000c\000r\000\343\000\040\000d\000e\000\040\000L\000i\000s\000t\000a\000\040\000d\000e\000\040\000C\000h\000a\000t\000s}{subsection.6.1}% 13
\BOOKMARK [3][-]{subsubsection.6.1.3}{\376\377\000E\000c\000r\000\343\000\040\000d\000e\000\040\000C\000h\000a\000t}{subsection.6.1}% 14
\BOOKMARK [3][-]{subsubsection.6.1.4}{\376\377\000E\000c\000r\000\343\000\040\000d\000e\000\040\000C\000o\000n\000f\000i\000g\000u\000r\000a\000\347\000\343\000o\000\040\000W\000i\000r\000e\000G\000u\000a\000r\000d}{subsection.6.1}% 15
\BOOKMARK [2][-]{subsection.6.2}{\376\377\000I\000n\000t\000e\000r\000f\000a\000c\000e\000\040\000p\000a\000r\000a\000\040\000A\000n\000d\000r\000o\000i\000d}{section.6}% 16
\BOOKMARK [2][-]{subsection.6.3}{\376\377\000A\000l\000m\000a\000O\000S\000\040\000-\000\040\000S\000e\000r\000v\000i\000\347\000o\000\040\000d\000e\000\040\000V\000P\000N}{section.6}% 17
\BOOKMARK [2][-]{subsection.6.4}{\376\377\000B\000a\000s\000e\000\040\000d\000e\000\040\000D\000a\000d\000o\000s}{section.6}% 18
\BOOKMARK [1][-]{section.7}{\376\377\000T\000e\000s\000t\000e\000s}{}% 19
\BOOKMARK [1][-]{section.8}{\376\377\000C\000o\000n\000c\000l\000u\000s\000\343\000o}{}% 20
\BOOKMARK [1][-]{section.8}{\376\377\000B\000i\000b\000l\000i\000o\000g\000r\000a\000f\000i\000a}{}% 21
